[2022-08-31 11:42:15,910] INFO Starting the log cleaner (kafka.log.LogCleaner)
[2022-08-31 11:42:15,958] INFO [kafka-log-cleaner-thread-0]: Starting (kafka.log.LogCleaner)
[2022-08-31 11:42:20,427] INFO Starting the log cleaner (kafka.log.LogCleaner)
[2022-08-31 11:42:20,476] INFO [kafka-log-cleaner-thread-0]: Starting (kafka.log.LogCleaner)
[2022-08-31 11:42:24,649] INFO Starting the log cleaner (kafka.log.LogCleaner)
[2022-08-31 11:42:24,697] INFO [kafka-log-cleaner-thread-0]: Starting (kafka.log.LogCleaner)
[2022-08-31 11:46:07,607] INFO Starting the log cleaner (kafka.log.LogCleaner)
[2022-08-31 11:46:07,678] INFO [kafka-log-cleaner-thread-0]: Starting (kafka.log.LogCleaner)
[2022-08-31 11:46:11,371] INFO Starting the log cleaner (kafka.log.LogCleaner)
[2022-08-31 11:46:11,452] INFO [kafka-log-cleaner-thread-0]: Starting (kafka.log.LogCleaner)
[2022-08-31 11:46:13,042] INFO Starting the log cleaner (kafka.log.LogCleaner)
[2022-08-31 11:46:13,104] INFO [kafka-log-cleaner-thread-0]: Starting (kafka.log.LogCleaner)
[2022-08-31 15:22:27,360] INFO Starting the log cleaner (kafka.log.LogCleaner)
[2022-08-31 15:22:27,435] INFO [kafka-log-cleaner-thread-0]: Starting (kafka.log.LogCleaner)
[2022-08-31 15:22:28,301] INFO Shutting down the log cleaner. (kafka.log.LogCleaner)
[2022-08-31 15:22:28,302] INFO [kafka-log-cleaner-thread-0]: Shutting down (kafka.log.LogCleaner)
[2022-08-31 15:22:28,303] INFO [kafka-log-cleaner-thread-0]: Stopped (kafka.log.LogCleaner)
[2022-08-31 15:22:28,303] INFO [kafka-log-cleaner-thread-0]: Shutdown completed (kafka.log.LogCleaner)
[2022-08-31 15:22:45,844] INFO Starting the log cleaner (kafka.log.LogCleaner)
[2022-08-31 15:22:45,907] INFO [kafka-log-cleaner-thread-0]: Starting (kafka.log.LogCleaner)
[2022-08-31 15:22:53,300] INFO Starting the log cleaner (kafka.log.LogCleaner)
[2022-08-31 15:22:53,381] INFO [kafka-log-cleaner-thread-0]: Starting (kafka.log.LogCleaner)
[2022-08-31 15:23:00,294] INFO Starting the log cleaner (kafka.log.LogCleaner)
[2022-08-31 15:23:00,392] INFO [kafka-log-cleaner-thread-0]: Starting (kafka.log.LogCleaner)
[2022-08-31 17:31:02,342] INFO Starting the log cleaner (kafka.log.LogCleaner)
[2022-08-31 17:31:02,458] INFO [kafka-log-cleaner-thread-0]: Starting (kafka.log.LogCleaner)
[2022-08-31 17:31:04,171] INFO Shutting down the log cleaner. (kafka.log.LogCleaner)
[2022-08-31 17:31:04,175] INFO [kafka-log-cleaner-thread-0]: Shutting down (kafka.log.LogCleaner)
[2022-08-31 17:31:04,180] INFO [kafka-log-cleaner-thread-0]: Stopped (kafka.log.LogCleaner)
[2022-08-31 17:31:04,180] INFO [kafka-log-cleaner-thread-0]: Shutdown completed (kafka.log.LogCleaner)
[2022-08-31 17:31:30,715] INFO Starting the log cleaner (kafka.log.LogCleaner)
[2022-08-31 17:31:30,812] INFO [kafka-log-cleaner-thread-0]: Starting (kafka.log.LogCleaner)
[2022-08-31 17:32:16,301] INFO Starting the log cleaner (kafka.log.LogCleaner)
[2022-08-31 17:32:16,414] INFO [kafka-log-cleaner-thread-0]: Starting (kafka.log.LogCleaner)
[2022-08-31 17:32:23,086] INFO Starting the log cleaner (kafka.log.LogCleaner)
[2022-08-31 17:32:23,207] INFO [kafka-log-cleaner-thread-0]: Starting (kafka.log.LogCleaner)
