[2022-09-01 11:49:43,954] INFO Reading configuration from: .\config\zookeeper.properties (org.apache.zookeeper.server.quorum.QuorumPeerConfig)
[2022-09-01 11:49:43,962] INFO clientPortAddress is 0.0.0.0:2181 (org.apache.zookeeper.server.quorum.QuorumPeerConfig)
[2022-09-01 11:49:43,962] INFO secureClientPort is not set (org.apache.zookeeper.server.quorum.QuorumPeerConfig)
[2022-09-01 11:49:43,962] INFO observerMasterPort is not set (org.apache.zookeeper.server.quorum.QuorumPeerConfig)
[2022-09-01 11:49:43,962] INFO metricsProvider.className is org.apache.zookeeper.metrics.impl.DefaultMetricsProvider (org.apache.zookeeper.server.quorum.QuorumPeerConfig)
[2022-09-01 11:49:43,962] INFO autopurge.snapRetainCount set to 3 (org.apache.zookeeper.server.DatadirCleanupManager)
[2022-09-01 11:49:43,962] INFO autopurge.purgeInterval set to 0 (org.apache.zookeeper.server.DatadirCleanupManager)
[2022-09-01 11:49:43,962] INFO Purge task is not scheduled. (org.apache.zookeeper.server.DatadirCleanupManager)
[2022-09-01 11:49:43,962] WARN Either no config or no quorum defined in config, running in standalone mode (org.apache.zookeeper.server.quorum.QuorumPeerMain)
[2022-09-01 11:49:43,978] INFO Log4j 1.2 jmx support not found; jmx disabled. (org.apache.zookeeper.jmx.ManagedUtil)
[2022-09-01 11:49:43,978] INFO Reading configuration from: .\config\zookeeper.properties (org.apache.zookeeper.server.quorum.QuorumPeerConfig)
[2022-09-01 11:49:43,978] INFO clientPortAddress is 0.0.0.0:2181 (org.apache.zookeeper.server.quorum.QuorumPeerConfig)
[2022-09-01 11:49:43,978] INFO secureClientPort is not set (org.apache.zookeeper.server.quorum.QuorumPeerConfig)
[2022-09-01 11:49:43,978] INFO observerMasterPort is not set (org.apache.zookeeper.server.quorum.QuorumPeerConfig)
[2022-09-01 11:49:43,978] INFO metricsProvider.className is org.apache.zookeeper.metrics.impl.DefaultMetricsProvider (org.apache.zookeeper.server.quorum.QuorumPeerConfig)
[2022-09-01 11:49:43,978] INFO Starting server (org.apache.zookeeper.server.ZooKeeperServerMain)
[2022-09-01 11:49:43,991] INFO ServerMetrics initialized with provider org.apache.zookeeper.metrics.impl.DefaultMetricsProvider@22f71333 (org.apache.zookeeper.server.ServerMetrics)
[2022-09-01 11:49:43,991] INFO zookeeper.snapshot.trust.empty : false (org.apache.zookeeper.server.persistence.FileTxnSnapLog)
[2022-09-01 11:49:44,025] INFO  (org.apache.zookeeper.server.ZooKeeperServer)
[2022-09-01 11:49:44,025] INFO   ______                  _                                           (org.apache.zookeeper.server.ZooKeeperServer)
[2022-09-01 11:49:44,025] INFO  |___  /                 | |                                          (org.apache.zookeeper.server.ZooKeeperServer)
[2022-09-01 11:49:44,039] INFO     / /    ___     ___   | | __   ___    ___   _ __     ___   _ __    (org.apache.zookeeper.server.ZooKeeperServer)
[2022-09-01 11:49:44,039] INFO    / /    / _ \   / _ \  | |/ /  / _ \  / _ \ | '_ \   / _ \ | '__| (org.apache.zookeeper.server.ZooKeeperServer)
[2022-09-01 11:49:44,040] INFO   / /__  | (_) | | (_) | |   <  |  __/ |  __/ | |_) | |  __/ | |     (org.apache.zookeeper.server.ZooKeeperServer)
[2022-09-01 11:49:44,040] INFO  /_____|  \___/   \___/  |_|\_\  \___|  \___| | .__/   \___| |_| (org.apache.zookeeper.server.ZooKeeperServer)
[2022-09-01 11:49:44,040] INFO                                               | |                      (org.apache.zookeeper.server.ZooKeeperServer)
[2022-09-01 11:49:44,040] INFO                                               |_|                      (org.apache.zookeeper.server.ZooKeeperServer)
[2022-09-01 11:49:44,040] INFO  (org.apache.zookeeper.server.ZooKeeperServer)
[2022-09-01 11:49:44,040] INFO Server environment:zookeeper.version=3.6.3--6401e4ad2087061bc6b9f80dec2d69f2e3c8660a, built on 04/08/2021 16:35 GMT (org.apache.zookeeper.server.ZooKeeperServer)
[2022-09-01 11:49:44,040] INFO Server environment:host.name=SG01NB-9600237.snshub.org (org.apache.zookeeper.server.ZooKeeperServer)
[2022-09-01 11:49:44,040] INFO Server environment:java.version=1.8.0-262 (org.apache.zookeeper.server.ZooKeeperServer)
[2022-09-01 11:49:44,040] INFO Server environment:java.vendor=OpenLogic-OpenJDK (org.apache.zookeeper.server.ZooKeeperServer)
[2022-09-01 11:49:44,040] INFO Server environment:java.home=C:\DevTools\openlogic-openjdk-8u262-b10-win-64\jre (org.apache.zookeeper.server.ZooKeeperServer)
[2022-09-01 11:49:44,040] INFO Server environment:java.class.path=C:\kafka\libs\activation-1.1.1.jar;C:\kafka\libs\aopalliance-repackaged-2.6.1.jar;C:\kafka\libs\argparse4j-0.7.0.jar;C:\kafka\libs\audience-annotations-0.5.0.jar;C:\kafka\libs\commons-cli-1.4.jar;C:\kafka\libs\commons-lang3-3.8.1.jar;C:\kafka\libs\connect-api-3.2.1.jar;C:\kafka\libs\connect-basic-auth-extension-3.2.1.jar;C:\kafka\libs\connect-file-3.2.1.jar;C:\kafka\libs\connect-json-3.2.1.jar;C:\kafka\libs\connect-mirror-3.2.1.jar;C:\kafka\libs\connect-mirror-client-3.2.1.jar;C:\kafka\libs\connect-runtime-3.2.1.jar;C:\kafka\libs\connect-transforms-3.2.1.jar;C:\kafka\libs\hk2-api-2.6.1.jar;C:\kafka\libs\hk2-locator-2.6.1.jar;C:\kafka\libs\hk2-utils-2.6.1.jar;C:\kafka\libs\jackson-annotations-2.12.6.jar;C:\kafka\libs\jackson-core-2.12.6.jar;C:\kafka\libs\jackson-databind-2.12.6.1.jar;C:\kafka\libs\jackson-dataformat-csv-2.12.6.jar;C:\kafka\libs\jackson-datatype-jdk8-2.12.6.jar;C:\kafka\libs\jackson-jaxrs-base-2.12.6.jar;C:\kafka\libs\jackson-jaxrs-json-provider-2.12.6.jar;C:\kafka\libs\jackson-module-jaxb-annotations-2.12.6.jar;C:\kafka\libs\jackson-module-scala_2.13-2.12.6.jar;C:\kafka\libs\jakarta.activation-api-1.2.1.jar;C:\kafka\libs\jakarta.annotation-api-1.3.5.jar;C:\kafka\libs\jakarta.inject-2.6.1.jar;C:\kafka\libs\jakarta.validation-api-2.0.2.jar;C:\kafka\libs\jakarta.ws.rs-api-2.1.6.jar;C:\kafka\libs\jakarta.xml.bind-api-2.3.2.jar;C:\kafka\libs\javassist-3.27.0-GA.jar;C:\kafka\libs\javax.servlet-api-3.1.0.jar;C:\kafka\libs\javax.ws.rs-api-2.1.1.jar;C:\kafka\libs\jaxb-api-2.3.0.jar;C:\kafka\libs\jersey-client-2.34.jar;C:\kafka\libs\jersey-common-2.34.jar;C:\kafka\libs\jersey-container-servlet-2.34.jar;C:\kafka\libs\jersey-container-servlet-core-2.34.jar;C:\kafka\libs\jersey-hk2-2.34.jar;C:\kafka\libs\jersey-server-2.34.jar;C:\kafka\libs\jetty-client-9.4.44.v20210927.jar;C:\kafka\libs\jetty-continuation-9.4.44.v20210927.jar;C:\kafka\libs\jetty-http-9.4.44.v20210927.jar;C:\kafka\libs\jetty-io-9.4.44.v20210927.jar;C:\kafka\libs\jetty-security-9.4.44.v20210927.jar;C:\kafka\libs\jetty-server-9.4.44.v20210927.jar;C:\kafka\libs\jetty-servlet-9.4.44.v20210927.jar;C:\kafka\libs\jetty-servlets-9.4.44.v20210927.jar;C:\kafka\libs\jetty-util-9.4.44.v20210927.jar;C:\kafka\libs\jetty-util-ajax-9.4.44.v20210927.jar;C:\kafka\libs\jline-3.21.0.jar;C:\kafka\libs\jopt-simple-5.0.4.jar;C:\kafka\libs\jose4j-0.7.9.jar;C:\kafka\libs\kafka-clients-3.2.1.jar;C:\kafka\libs\kafka-log4j-appender-3.2.1.jar;C:\kafka\libs\kafka-metadata-3.2.1.jar;C:\kafka\libs\kafka-raft-3.2.1.jar;C:\kafka\libs\kafka-server-common-3.2.1.jar;C:\kafka\libs\kafka-shell-3.2.1.jar;C:\kafka\libs\kafka-storage-3.2.1.jar;C:\kafka\libs\kafka-storage-api-3.2.1.jar;C:\kafka\libs\kafka-streams-3.2.1.jar;C:\kafka\libs\kafka-streams-examples-3.2.1.jar;C:\kafka\libs\kafka-streams-scala_2.13-3.2.1.jar;C:\kafka\libs\kafka-streams-test-utils-3.2.1.jar;C:\kafka\libs\kafka-tools-3.2.1.jar;C:\kafka\libs\kafka_2.13-3.2.1.jar;C:\kafka\libs\lz4-java-1.8.0.jar;C:\kafka\libs\maven-artifact-3.8.4.jar;C:\kafka\libs\metrics-core-2.2.0.jar;C:\kafka\libs\metrics-core-4.1.12.1.jar;C:\kafka\libs\netty-buffer-4.1.73.Final.jar;C:\kafka\libs\netty-codec-4.1.73.Final.jar;C:\kafka\libs\netty-common-4.1.73.Final.jar;C:\kafka\libs\netty-handler-4.1.73.Final.jar;C:\kafka\libs\netty-resolver-4.1.73.Final.jar;C:\kafka\libs\netty-tcnative-classes-2.0.46.Final.jar;C:\kafka\libs\netty-transport-4.1.73.Final.jar;C:\kafka\libs\netty-transport-classes-epoll-4.1.73.Final.jar;C:\kafka\libs\netty-transport-native-epoll-4.1.73.Final.jar;C:\kafka\libs\netty-transport-native-unix-common-4.1.73.Final.jar;C:\kafka\libs\osgi-resource-locator-1.0.3.jar;C:\kafka\libs\paranamer-2.8.jar;C:\kafka\libs\plexus-utils-3.3.0.jar;C:\kafka\libs\reflections-0.9.12.jar;C:\kafka\libs\reload4j-1.2.19.jar;C:\kafka\libs\rocksdbjni-6.29.4.1.jar;C:\kafka\libs\scala-collection-compat_2.13-2.6.0.jar;C:\kafka\libs\scala-java8-compat_2.13-1.0.2.jar;C:\kafka\libs\scala-library-2.13.8.jar;C:\kafka\libs\scala-logging_2.13-3.9.4.jar;C:\kafka\libs\scala-reflect-2.13.8.jar;C:\kafka\libs\slf4j-api-1.7.36.jar;C:\kafka\libs\slf4j-reload4j-1.7.36.jar;C:\kafka\libs\snappy-java-1.1.8.4.jar;C:\kafka\libs\trogdor-3.2.1.jar;C:\kafka\libs\zookeeper-3.6.3.jar;C:\kafka\libs\zookeeper-jute-3.6.3.jar;C:\kafka\libs\zstd-jni-1.5.2-1.jar (org.apache.zookeeper.server.ZooKeeperServer)
[2022-09-01 11:49:44,040] INFO Server environment:java.library.path=C:\DevTools\openlogic-openjdk-8u262-b10-win-64\bin;C:\WINDOWS\Sun\Java\bin;C:\WINDOWS\system32;C:\WINDOWS;C:\ProgramData\Oracle\Java\javapath;C:\Program Files (x86)\Common Files\Oracle\Java\javapath;C:\WINDOWS\system32;C:\WINDOWS;C:\WINDOWS\System32\Wbem;C:\WINDOWS\System32\WindowsPowerShell\v1.0\;C:\WINDOWS\System32\OpenSSH\;C:\Users\darrenxy\AppData\Local\Microsoft\WindowsApps;C:\Users\darrenxy\AppData\Local\Programs\Microsoft VS Code\bin;C:\Users\darrenxy\AppData\Local\Programs\Git\cmd;C:\DevTools\node-v16.14.0-win-x64;C:\DevTools\Atom x64;C:\DevTools\npp.8.2.1.portable.x64;C:\Users\darrenxy\Vim\vim90;C:\Users\darrenxy\Workspace\Tools\oc;. (org.apache.zookeeper.server.ZooKeeperServer)
[2022-09-01 11:49:44,040] INFO Server environment:java.io.tmpdir=C:\Users\darrenxy\AppData\Local\Temp\ (org.apache.zookeeper.server.ZooKeeperServer)
[2022-09-01 11:49:44,040] INFO Server environment:java.compiler=<NA> (org.apache.zookeeper.server.ZooKeeperServer)
[2022-09-01 11:49:44,040] INFO Server environment:os.name=Windows 10 (org.apache.zookeeper.server.ZooKeeperServer)
[2022-09-01 11:49:44,040] INFO Server environment:os.arch=amd64 (org.apache.zookeeper.server.ZooKeeperServer)
[2022-09-01 11:49:44,040] INFO Server environment:os.version=10.0 (org.apache.zookeeper.server.ZooKeeperServer)
[2022-09-01 11:49:44,040] INFO Server environment:user.name=darrenxy (org.apache.zookeeper.server.ZooKeeperServer)
[2022-09-01 11:49:44,040] INFO Server environment:user.home=C:\Users\darrenxy (org.apache.zookeeper.server.ZooKeeperServer)
[2022-09-01 11:49:44,040] INFO Server environment:user.dir=C:\kafka (org.apache.zookeeper.server.ZooKeeperServer)
[2022-09-01 11:49:44,040] INFO Server environment:os.memory.free=493MB (org.apache.zookeeper.server.ZooKeeperServer)
[2022-09-01 11:49:44,040] INFO Server environment:os.memory.max=512MB (org.apache.zookeeper.server.ZooKeeperServer)
[2022-09-01 11:49:44,040] INFO Server environment:os.memory.total=512MB (org.apache.zookeeper.server.ZooKeeperServer)
[2022-09-01 11:49:44,040] INFO zookeeper.enableEagerACLCheck = false (org.apache.zookeeper.server.ZooKeeperServer)
[2022-09-01 11:49:44,040] INFO zookeeper.digest.enabled = true (org.apache.zookeeper.server.ZooKeeperServer)
[2022-09-01 11:49:44,040] INFO zookeeper.closeSessionTxn.enabled = true (org.apache.zookeeper.server.ZooKeeperServer)
[2022-09-01 11:49:44,040] INFO zookeeper.flushDelay=0 (org.apache.zookeeper.server.ZooKeeperServer)
[2022-09-01 11:49:44,040] INFO zookeeper.maxWriteQueuePollTime=0 (org.apache.zookeeper.server.ZooKeeperServer)
[2022-09-01 11:49:44,048] INFO zookeeper.maxBatchSize=1000 (org.apache.zookeeper.server.ZooKeeperServer)
[2022-09-01 11:49:44,048] INFO zookeeper.intBufferStartingSizeBytes = 1024 (org.apache.zookeeper.server.ZooKeeperServer)
[2022-09-01 11:49:44,048] INFO Weighed connection throttling is disabled (org.apache.zookeeper.server.BlueThrottle)
[2022-09-01 11:49:44,048] INFO minSessionTimeout set to 6000 (org.apache.zookeeper.server.ZooKeeperServer)
[2022-09-01 11:49:44,048] INFO maxSessionTimeout set to 60000 (org.apache.zookeeper.server.ZooKeeperServer)
[2022-09-01 11:49:44,048] INFO Response cache size is initialized with value 400. (org.apache.zookeeper.server.ResponseCache)
[2022-09-01 11:49:44,048] INFO Response cache size is initialized with value 400. (org.apache.zookeeper.server.ResponseCache)
[2022-09-01 11:49:44,048] INFO zookeeper.pathStats.slotCapacity = 60 (org.apache.zookeeper.server.util.RequestPathMetricsCollector)
[2022-09-01 11:49:44,048] INFO zookeeper.pathStats.slotDuration = 15 (org.apache.zookeeper.server.util.RequestPathMetricsCollector)
[2022-09-01 11:49:44,048] INFO zookeeper.pathStats.maxDepth = 6 (org.apache.zookeeper.server.util.RequestPathMetricsCollector)
[2022-09-01 11:49:44,048] INFO zookeeper.pathStats.initialDelay = 5 (org.apache.zookeeper.server.util.RequestPathMetricsCollector)
[2022-09-01 11:49:44,048] INFO zookeeper.pathStats.delay = 5 (org.apache.zookeeper.server.util.RequestPathMetricsCollector)
[2022-09-01 11:49:44,048] INFO zookeeper.pathStats.enabled = false (org.apache.zookeeper.server.util.RequestPathMetricsCollector)
[2022-09-01 11:49:44,064] INFO The max bytes for all large requests are set to 104857600 (org.apache.zookeeper.server.ZooKeeperServer)
[2022-09-01 11:49:44,065] INFO The large request threshold is set to -1 (org.apache.zookeeper.server.ZooKeeperServer)
[2022-09-01 11:49:44,065] INFO Created server with tickTime 3000 minSessionTimeout 6000 maxSessionTimeout 60000 clientPortListenBacklog -1 datadir C:\tmp\zookeeper\version-2 snapdir C:\tmp\zookeeper\version-2 (org.apache.zookeeper.server.ZooKeeperServer)
[2022-09-01 11:49:44,081] INFO Using org.apache.zookeeper.server.NIOServerCnxnFactory as server connection factory (org.apache.zookeeper.server.ServerCnxnFactory)
[2022-09-01 11:49:44,081] WARN maxCnxns is not configured, using default value 0. (org.apache.zookeeper.server.ServerCnxnFactory)
[2022-09-01 11:49:44,081] INFO Configuring NIO connection handler with 10s sessionless connection timeout, 2 selector thread(s), 16 worker threads, and 64 kB direct buffers. (org.apache.zookeeper.server.NIOServerCnxnFactory)
[2022-09-01 11:49:44,081] INFO binding to port 0.0.0.0/0.0.0.0:2181 (org.apache.zookeeper.server.NIOServerCnxnFactory)
[2022-09-01 11:49:44,113] INFO Using org.apache.zookeeper.server.watch.WatchManager as watch manager (org.apache.zookeeper.server.watch.WatchManagerFactory)
[2022-09-01 11:49:44,114] INFO Using org.apache.zookeeper.server.watch.WatchManager as watch manager (org.apache.zookeeper.server.watch.WatchManagerFactory)
[2022-09-01 11:49:44,114] INFO zookeeper.snapshotSizeFactor = 0.33 (org.apache.zookeeper.server.ZKDatabase)
[2022-09-01 11:49:44,114] INFO zookeeper.commitLogCount=500 (org.apache.zookeeper.server.ZKDatabase)
[2022-09-01 11:49:44,121] INFO zookeeper.snapshot.compression.method = CHECKED (org.apache.zookeeper.server.persistence.SnapStream)
[2022-09-01 11:49:44,134] INFO Reading snapshot C:\tmp\zookeeper\version-2\snapshot.15d (org.apache.zookeeper.server.persistence.FileSnap)
[2022-09-01 11:49:44,152] INFO The digest in the snapshot has digest version of 2, , with zxid as 0x15d, and digest value as 309702365300 (org.apache.zookeeper.server.DataTree)
[2022-09-01 11:49:44,207] INFO 130 txns loaded in 35 ms (org.apache.zookeeper.server.persistence.FileTxnSnapLog)
[2022-09-01 11:49:44,207] INFO Snapshot loaded in 93 ms, highest zxid is 0x1df, digest is 308709779299 (org.apache.zookeeper.server.ZKDatabase)
[2022-09-01 11:49:44,208] INFO Snapshotting: 0x1df to C:\tmp\zookeeper\version-2\snapshot.1df (org.apache.zookeeper.server.persistence.FileTxnSnapLog)
[2022-09-01 11:49:44,214] INFO Snapshot taken in 6 ms (org.apache.zookeeper.server.ZooKeeperServer)
[2022-09-01 11:49:44,227] INFO PrepRequestProcessor (sid:0) started, reconfigEnabled=false (org.apache.zookeeper.server.PrepRequestProcessor)
[2022-09-01 11:49:44,227] INFO zookeeper.request_throttler.shutdownTimeout = 10000 (org.apache.zookeeper.server.RequestThrottler)
[2022-09-01 11:49:44,243] INFO Using checkIntervalMs=60000 maxPerMinute=10000 maxNeverUsedIntervalMs=0 (org.apache.zookeeper.server.ContainerManager)
[2022-09-01 11:49:44,243] INFO ZooKeeper audit is disabled. (org.apache.zookeeper.audit.ZKAuditProvider)
[2022-09-01 11:52:36,929] INFO Reading configuration from: .\config\zookeeper.properties (org.apache.zookeeper.server.quorum.QuorumPeerConfig)
[2022-09-01 11:52:36,936] INFO clientPortAddress is 0.0.0.0:2181 (org.apache.zookeeper.server.quorum.QuorumPeerConfig)
[2022-09-01 11:52:36,936] INFO secureClientPort is not set (org.apache.zookeeper.server.quorum.QuorumPeerConfig)
[2022-09-01 11:52:36,936] INFO observerMasterPort is not set (org.apache.zookeeper.server.quorum.QuorumPeerConfig)
[2022-09-01 11:52:36,936] INFO metricsProvider.className is org.apache.zookeeper.metrics.impl.DefaultMetricsProvider (org.apache.zookeeper.server.quorum.QuorumPeerConfig)
[2022-09-01 11:52:36,943] INFO autopurge.snapRetainCount set to 3 (org.apache.zookeeper.server.DatadirCleanupManager)
[2022-09-01 11:52:36,944] INFO autopurge.purgeInterval set to 0 (org.apache.zookeeper.server.DatadirCleanupManager)
[2022-09-01 11:52:36,944] INFO Purge task is not scheduled. (org.apache.zookeeper.server.DatadirCleanupManager)
[2022-09-01 11:52:36,944] WARN Either no config or no quorum defined in config, running in standalone mode (org.apache.zookeeper.server.quorum.QuorumPeerMain)
[2022-09-01 11:52:36,944] INFO Log4j 1.2 jmx support not found; jmx disabled. (org.apache.zookeeper.jmx.ManagedUtil)
[2022-09-01 11:52:36,944] INFO Reading configuration from: .\config\zookeeper.properties (org.apache.zookeeper.server.quorum.QuorumPeerConfig)
[2022-09-01 11:52:36,954] INFO clientPortAddress is 0.0.0.0:2181 (org.apache.zookeeper.server.quorum.QuorumPeerConfig)
[2022-09-01 11:52:36,954] INFO secureClientPort is not set (org.apache.zookeeper.server.quorum.QuorumPeerConfig)
[2022-09-01 11:52:36,954] INFO observerMasterPort is not set (org.apache.zookeeper.server.quorum.QuorumPeerConfig)
[2022-09-01 11:52:36,955] INFO metricsProvider.className is org.apache.zookeeper.metrics.impl.DefaultMetricsProvider (org.apache.zookeeper.server.quorum.QuorumPeerConfig)
[2022-09-01 11:52:36,955] INFO Starting server (org.apache.zookeeper.server.ZooKeeperServerMain)
[2022-09-01 11:52:36,970] INFO ServerMetrics initialized with provider org.apache.zookeeper.metrics.impl.DefaultMetricsProvider@22f71333 (org.apache.zookeeper.server.ServerMetrics)
[2022-09-01 11:52:36,979] INFO zookeeper.snapshot.trust.empty : false (org.apache.zookeeper.server.persistence.FileTxnSnapLog)
[2022-09-01 11:52:37,011] INFO  (org.apache.zookeeper.server.ZooKeeperServer)
[2022-09-01 11:52:37,011] INFO   ______                  _                                           (org.apache.zookeeper.server.ZooKeeperServer)
[2022-09-01 11:52:37,026] INFO  |___  /                 | |                                          (org.apache.zookeeper.server.ZooKeeperServer)
[2022-09-01 11:52:37,026] INFO     / /    ___     ___   | | __   ___    ___   _ __     ___   _ __    (org.apache.zookeeper.server.ZooKeeperServer)
[2022-09-01 11:52:37,026] INFO    / /    / _ \   / _ \  | |/ /  / _ \  / _ \ | '_ \   / _ \ | '__| (org.apache.zookeeper.server.ZooKeeperServer)
[2022-09-01 11:52:37,027] INFO   / /__  | (_) | | (_) | |   <  |  __/ |  __/ | |_) | |  __/ | |     (org.apache.zookeeper.server.ZooKeeperServer)
[2022-09-01 11:52:37,027] INFO  /_____|  \___/   \___/  |_|\_\  \___|  \___| | .__/   \___| |_| (org.apache.zookeeper.server.ZooKeeperServer)
[2022-09-01 11:52:37,027] INFO                                               | |                      (org.apache.zookeeper.server.ZooKeeperServer)
[2022-09-01 11:52:37,028] INFO                                               |_|                      (org.apache.zookeeper.server.ZooKeeperServer)
[2022-09-01 11:52:37,028] INFO  (org.apache.zookeeper.server.ZooKeeperServer)
[2022-09-01 11:52:37,028] INFO Server environment:zookeeper.version=3.6.3--6401e4ad2087061bc6b9f80dec2d69f2e3c8660a, built on 04/08/2021 16:35 GMT (org.apache.zookeeper.server.ZooKeeperServer)
[2022-09-01 11:52:37,028] INFO Server environment:host.name=SG01NB-9600237.snshub.org (org.apache.zookeeper.server.ZooKeeperServer)
[2022-09-01 11:52:37,032] INFO Server environment:java.version=1.8.0-262 (org.apache.zookeeper.server.ZooKeeperServer)
[2022-09-01 11:52:37,032] INFO Server environment:java.vendor=OpenLogic-OpenJDK (org.apache.zookeeper.server.ZooKeeperServer)
[2022-09-01 11:52:37,032] INFO Server environment:java.home=C:\DevTools\openlogic-openjdk-8u262-b10-win-64\jre (org.apache.zookeeper.server.ZooKeeperServer)
[2022-09-01 11:52:37,032] INFO Server environment:java.class.path=C:\kafka\libs\activation-1.1.1.jar;C:\kafka\libs\aopalliance-repackaged-2.6.1.jar;C:\kafka\libs\argparse4j-0.7.0.jar;C:\kafka\libs\audience-annotations-0.5.0.jar;C:\kafka\libs\commons-cli-1.4.jar;C:\kafka\libs\commons-lang3-3.8.1.jar;C:\kafka\libs\connect-api-3.2.1.jar;C:\kafka\libs\connect-basic-auth-extension-3.2.1.jar;C:\kafka\libs\connect-file-3.2.1.jar;C:\kafka\libs\connect-json-3.2.1.jar;C:\kafka\libs\connect-mirror-3.2.1.jar;C:\kafka\libs\connect-mirror-client-3.2.1.jar;C:\kafka\libs\connect-runtime-3.2.1.jar;C:\kafka\libs\connect-transforms-3.2.1.jar;C:\kafka\libs\hk2-api-2.6.1.jar;C:\kafka\libs\hk2-locator-2.6.1.jar;C:\kafka\libs\hk2-utils-2.6.1.jar;C:\kafka\libs\jackson-annotations-2.12.6.jar;C:\kafka\libs\jackson-core-2.12.6.jar;C:\kafka\libs\jackson-databind-2.12.6.1.jar;C:\kafka\libs\jackson-dataformat-csv-2.12.6.jar;C:\kafka\libs\jackson-datatype-jdk8-2.12.6.jar;C:\kafka\libs\jackson-jaxrs-base-2.12.6.jar;C:\kafka\libs\jackson-jaxrs-json-provider-2.12.6.jar;C:\kafka\libs\jackson-module-jaxb-annotations-2.12.6.jar;C:\kafka\libs\jackson-module-scala_2.13-2.12.6.jar;C:\kafka\libs\jakarta.activation-api-1.2.1.jar;C:\kafka\libs\jakarta.annotation-api-1.3.5.jar;C:\kafka\libs\jakarta.inject-2.6.1.jar;C:\kafka\libs\jakarta.validation-api-2.0.2.jar;C:\kafka\libs\jakarta.ws.rs-api-2.1.6.jar;C:\kafka\libs\jakarta.xml.bind-api-2.3.2.jar;C:\kafka\libs\javassist-3.27.0-GA.jar;C:\kafka\libs\javax.servlet-api-3.1.0.jar;C:\kafka\libs\javax.ws.rs-api-2.1.1.jar;C:\kafka\libs\jaxb-api-2.3.0.jar;C:\kafka\libs\jersey-client-2.34.jar;C:\kafka\libs\jersey-common-2.34.jar;C:\kafka\libs\jersey-container-servlet-2.34.jar;C:\kafka\libs\jersey-container-servlet-core-2.34.jar;C:\kafka\libs\jersey-hk2-2.34.jar;C:\kafka\libs\jersey-server-2.34.jar;C:\kafka\libs\jetty-client-9.4.44.v20210927.jar;C:\kafka\libs\jetty-continuation-9.4.44.v20210927.jar;C:\kafka\libs\jetty-http-9.4.44.v20210927.jar;C:\kafka\libs\jetty-io-9.4.44.v20210927.jar;C:\kafka\libs\jetty-security-9.4.44.v20210927.jar;C:\kafka\libs\jetty-server-9.4.44.v20210927.jar;C:\kafka\libs\jetty-servlet-9.4.44.v20210927.jar;C:\kafka\libs\jetty-servlets-9.4.44.v20210927.jar;C:\kafka\libs\jetty-util-9.4.44.v20210927.jar;C:\kafka\libs\jetty-util-ajax-9.4.44.v20210927.jar;C:\kafka\libs\jline-3.21.0.jar;C:\kafka\libs\jopt-simple-5.0.4.jar;C:\kafka\libs\jose4j-0.7.9.jar;C:\kafka\libs\kafka-clients-3.2.1.jar;C:\kafka\libs\kafka-log4j-appender-3.2.1.jar;C:\kafka\libs\kafka-metadata-3.2.1.jar;C:\kafka\libs\kafka-raft-3.2.1.jar;C:\kafka\libs\kafka-server-common-3.2.1.jar;C:\kafka\libs\kafka-shell-3.2.1.jar;C:\kafka\libs\kafka-storage-3.2.1.jar;C:\kafka\libs\kafka-storage-api-3.2.1.jar;C:\kafka\libs\kafka-streams-3.2.1.jar;C:\kafka\libs\kafka-streams-examples-3.2.1.jar;C:\kafka\libs\kafka-streams-scala_2.13-3.2.1.jar;C:\kafka\libs\kafka-streams-test-utils-3.2.1.jar;C:\kafka\libs\kafka-tools-3.2.1.jar;C:\kafka\libs\kafka_2.13-3.2.1.jar;C:\kafka\libs\lz4-java-1.8.0.jar;C:\kafka\libs\maven-artifact-3.8.4.jar;C:\kafka\libs\metrics-core-2.2.0.jar;C:\kafka\libs\metrics-core-4.1.12.1.jar;C:\kafka\libs\netty-buffer-4.1.73.Final.jar;C:\kafka\libs\netty-codec-4.1.73.Final.jar;C:\kafka\libs\netty-common-4.1.73.Final.jar;C:\kafka\libs\netty-handler-4.1.73.Final.jar;C:\kafka\libs\netty-resolver-4.1.73.Final.jar;C:\kafka\libs\netty-tcnative-classes-2.0.46.Final.jar;C:\kafka\libs\netty-transport-4.1.73.Final.jar;C:\kafka\libs\netty-transport-classes-epoll-4.1.73.Final.jar;C:\kafka\libs\netty-transport-native-epoll-4.1.73.Final.jar;C:\kafka\libs\netty-transport-native-unix-common-4.1.73.Final.jar;C:\kafka\libs\osgi-resource-locator-1.0.3.jar;C:\kafka\libs\paranamer-2.8.jar;C:\kafka\libs\plexus-utils-3.3.0.jar;C:\kafka\libs\reflections-0.9.12.jar;C:\kafka\libs\reload4j-1.2.19.jar;C:\kafka\libs\rocksdbjni-6.29.4.1.jar;C:\kafka\libs\scala-collection-compat_2.13-2.6.0.jar;C:\kafka\libs\scala-java8-compat_2.13-1.0.2.jar;C:\kafka\libs\scala-library-2.13.8.jar;C:\kafka\libs\scala-logging_2.13-3.9.4.jar;C:\kafka\libs\scala-reflect-2.13.8.jar;C:\kafka\libs\slf4j-api-1.7.36.jar;C:\kafka\libs\slf4j-reload4j-1.7.36.jar;C:\kafka\libs\snappy-java-1.1.8.4.jar;C:\kafka\libs\trogdor-3.2.1.jar;C:\kafka\libs\zookeeper-3.6.3.jar;C:\kafka\libs\zookeeper-jute-3.6.3.jar;C:\kafka\libs\zstd-jni-1.5.2-1.jar (org.apache.zookeeper.server.ZooKeeperServer)
[2022-09-01 11:52:37,034] INFO Server environment:java.library.path=C:\DevTools\openlogic-openjdk-8u262-b10-win-64\bin;C:\WINDOWS\Sun\Java\bin;C:\WINDOWS\system32;C:\WINDOWS;C:\ProgramData\Oracle\Java\javapath;C:\Program Files (x86)\Common Files\Oracle\Java\javapath;C:\WINDOWS\system32;C:\WINDOWS;C:\WINDOWS\System32\Wbem;C:\WINDOWS\System32\WindowsPowerShell\v1.0\;C:\WINDOWS\System32\OpenSSH\;C:\Users\darrenxy\AppData\Local\Microsoft\WindowsApps;C:\Users\darrenxy\AppData\Local\Programs\Microsoft VS Code\bin;C:\Users\darrenxy\AppData\Local\Programs\Git\cmd;C:\DevTools\node-v16.14.0-win-x64;C:\DevTools\Atom x64;C:\DevTools\npp.8.2.1.portable.x64;C:\Users\darrenxy\Vim\vim90;C:\Users\darrenxy\Workspace\Tools\oc;. (org.apache.zookeeper.server.ZooKeeperServer)
[2022-09-01 11:52:37,034] INFO Server environment:java.io.tmpdir=C:\Users\darrenxy\AppData\Local\Temp\ (org.apache.zookeeper.server.ZooKeeperServer)
[2022-09-01 11:52:37,035] INFO Server environment:java.compiler=<NA> (org.apache.zookeeper.server.ZooKeeperServer)
[2022-09-01 11:52:37,035] INFO Server environment:os.name=Windows 10 (org.apache.zookeeper.server.ZooKeeperServer)
[2022-09-01 11:52:37,035] INFO Server environment:os.arch=amd64 (org.apache.zookeeper.server.ZooKeeperServer)
[2022-09-01 11:52:37,035] INFO Server environment:os.version=10.0 (org.apache.zookeeper.server.ZooKeeperServer)
[2022-09-01 11:52:37,036] INFO Server environment:user.name=darrenxy (org.apache.zookeeper.server.ZooKeeperServer)
[2022-09-01 11:52:37,036] INFO Server environment:user.home=C:\Users\darrenxy (org.apache.zookeeper.server.ZooKeeperServer)
[2022-09-01 11:52:37,036] INFO Server environment:user.dir=C:\kafka (org.apache.zookeeper.server.ZooKeeperServer)
[2022-09-01 11:52:37,036] INFO Server environment:os.memory.free=492MB (org.apache.zookeeper.server.ZooKeeperServer)
[2022-09-01 11:52:37,036] INFO Server environment:os.memory.max=512MB (org.apache.zookeeper.server.ZooKeeperServer)
[2022-09-01 11:52:37,037] INFO Server environment:os.memory.total=512MB (org.apache.zookeeper.server.ZooKeeperServer)
[2022-09-01 11:52:37,037] INFO zookeeper.enableEagerACLCheck = false (org.apache.zookeeper.server.ZooKeeperServer)
[2022-09-01 11:52:37,037] INFO zookeeper.digest.enabled = true (org.apache.zookeeper.server.ZooKeeperServer)
[2022-09-01 11:52:37,037] INFO zookeeper.closeSessionTxn.enabled = true (org.apache.zookeeper.server.ZooKeeperServer)
[2022-09-01 11:52:37,037] INFO zookeeper.flushDelay=0 (org.apache.zookeeper.server.ZooKeeperServer)
[2022-09-01 11:52:37,038] INFO zookeeper.maxWriteQueuePollTime=0 (org.apache.zookeeper.server.ZooKeeperServer)
[2022-09-01 11:52:37,038] INFO zookeeper.maxBatchSize=1000 (org.apache.zookeeper.server.ZooKeeperServer)
[2022-09-01 11:52:37,038] INFO zookeeper.intBufferStartingSizeBytes = 1024 (org.apache.zookeeper.server.ZooKeeperServer)
[2022-09-01 11:52:37,045] INFO Weighed connection throttling is disabled (org.apache.zookeeper.server.BlueThrottle)
[2022-09-01 11:52:37,050] INFO minSessionTimeout set to 6000 (org.apache.zookeeper.server.ZooKeeperServer)
[2022-09-01 11:52:37,050] INFO maxSessionTimeout set to 60000 (org.apache.zookeeper.server.ZooKeeperServer)
[2022-09-01 11:52:37,050] INFO Response cache size is initialized with value 400. (org.apache.zookeeper.server.ResponseCache)
[2022-09-01 11:52:37,052] INFO Response cache size is initialized with value 400. (org.apache.zookeeper.server.ResponseCache)
[2022-09-01 11:52:37,052] INFO zookeeper.pathStats.slotCapacity = 60 (org.apache.zookeeper.server.util.RequestPathMetricsCollector)
[2022-09-01 11:52:37,053] INFO zookeeper.pathStats.slotDuration = 15 (org.apache.zookeeper.server.util.RequestPathMetricsCollector)
[2022-09-01 11:52:37,053] INFO zookeeper.pathStats.maxDepth = 6 (org.apache.zookeeper.server.util.RequestPathMetricsCollector)
[2022-09-01 11:52:37,054] INFO zookeeper.pathStats.initialDelay = 5 (org.apache.zookeeper.server.util.RequestPathMetricsCollector)
[2022-09-01 11:52:37,054] INFO zookeeper.pathStats.delay = 5 (org.apache.zookeeper.server.util.RequestPathMetricsCollector)
[2022-09-01 11:52:37,054] INFO zookeeper.pathStats.enabled = false (org.apache.zookeeper.server.util.RequestPathMetricsCollector)
[2022-09-01 11:52:37,054] INFO The max bytes for all large requests are set to 104857600 (org.apache.zookeeper.server.ZooKeeperServer)
[2022-09-01 11:52:37,054] INFO The large request threshold is set to -1 (org.apache.zookeeper.server.ZooKeeperServer)
[2022-09-01 11:52:37,054] INFO Created server with tickTime 3000 minSessionTimeout 6000 maxSessionTimeout 60000 clientPortListenBacklog -1 datadir C:\tmp\zookeeper\version-2 snapdir C:\tmp\zookeeper\version-2 (org.apache.zookeeper.server.ZooKeeperServer)
[2022-09-01 11:52:37,063] INFO Using org.apache.zookeeper.server.NIOServerCnxnFactory as server connection factory (org.apache.zookeeper.server.ServerCnxnFactory)
[2022-09-01 11:52:37,076] WARN maxCnxns is not configured, using default value 0. (org.apache.zookeeper.server.ServerCnxnFactory)
[2022-09-01 11:52:37,078] INFO Configuring NIO connection handler with 10s sessionless connection timeout, 2 selector thread(s), 16 worker threads, and 64 kB direct buffers. (org.apache.zookeeper.server.NIOServerCnxnFactory)
[2022-09-01 11:52:37,084] INFO binding to port 0.0.0.0/0.0.0.0:2181 (org.apache.zookeeper.server.NIOServerCnxnFactory)
[2022-09-01 11:52:37,105] INFO Using org.apache.zookeeper.server.watch.WatchManager as watch manager (org.apache.zookeeper.server.watch.WatchManagerFactory)
[2022-09-01 11:52:37,105] INFO Using org.apache.zookeeper.server.watch.WatchManager as watch manager (org.apache.zookeeper.server.watch.WatchManagerFactory)
[2022-09-01 11:52:37,106] INFO zookeeper.snapshotSizeFactor = 0.33 (org.apache.zookeeper.server.ZKDatabase)
[2022-09-01 11:52:37,107] INFO zookeeper.commitLogCount=500 (org.apache.zookeeper.server.ZKDatabase)
[2022-09-01 11:52:37,114] INFO zookeeper.snapshot.compression.method = CHECKED (org.apache.zookeeper.server.persistence.SnapStream)
[2022-09-01 11:52:37,117] INFO Reading snapshot C:\tmp\zookeeper\version-2\snapshot.1df (org.apache.zookeeper.server.persistence.FileSnap)
[2022-09-01 11:52:37,148] INFO The digest in the snapshot has digest version of 2, , with zxid as 0x1df, and digest value as 308709779299 (org.apache.zookeeper.server.DataTree)
[2022-09-01 11:52:37,158] INFO Snapshot loaded in 51 ms, highest zxid is 0x1df, digest is 308709779299 (org.apache.zookeeper.server.ZKDatabase)
[2022-09-01 11:52:37,159] INFO Snapshotting: 0x1df to C:\tmp\zookeeper\version-2\snapshot.1df (org.apache.zookeeper.server.persistence.FileTxnSnapLog)
[2022-09-01 11:52:37,170] INFO Snapshot taken in 11 ms (org.apache.zookeeper.server.ZooKeeperServer)
[2022-09-01 11:52:37,188] INFO PrepRequestProcessor (sid:0) started, reconfigEnabled=false (org.apache.zookeeper.server.PrepRequestProcessor)
[2022-09-01 11:52:37,188] INFO zookeeper.request_throttler.shutdownTimeout = 10000 (org.apache.zookeeper.server.RequestThrottler)
[2022-09-01 11:52:37,209] INFO Using checkIntervalMs=60000 maxPerMinute=10000 maxNeverUsedIntervalMs=0 (org.apache.zookeeper.server.ContainerManager)
[2022-09-01 11:52:37,210] INFO ZooKeeper audit is disabled. (org.apache.zookeeper.audit.ZKAuditProvider)
[2022-09-01 11:53:29,068] INFO Reading configuration from: .\config\zookeeper.properties (org.apache.zookeeper.server.quorum.QuorumPeerConfig)
[2022-09-01 11:53:29,072] INFO clientPortAddress is 0.0.0.0:2181 (org.apache.zookeeper.server.quorum.QuorumPeerConfig)
[2022-09-01 11:53:29,072] INFO secureClientPort is not set (org.apache.zookeeper.server.quorum.QuorumPeerConfig)
[2022-09-01 11:53:29,072] INFO observerMasterPort is not set (org.apache.zookeeper.server.quorum.QuorumPeerConfig)
[2022-09-01 11:53:29,072] INFO metricsProvider.className is org.apache.zookeeper.metrics.impl.DefaultMetricsProvider (org.apache.zookeeper.server.quorum.QuorumPeerConfig)
[2022-09-01 11:53:29,072] INFO autopurge.snapRetainCount set to 3 (org.apache.zookeeper.server.DatadirCleanupManager)
[2022-09-01 11:53:29,072] INFO autopurge.purgeInterval set to 0 (org.apache.zookeeper.server.DatadirCleanupManager)
[2022-09-01 11:53:29,072] INFO Purge task is not scheduled. (org.apache.zookeeper.server.DatadirCleanupManager)
[2022-09-01 11:53:29,072] WARN Either no config or no quorum defined in config, running in standalone mode (org.apache.zookeeper.server.quorum.QuorumPeerMain)
[2022-09-01 11:53:29,072] INFO Log4j 1.2 jmx support not found; jmx disabled. (org.apache.zookeeper.jmx.ManagedUtil)
[2022-09-01 11:53:29,072] INFO Reading configuration from: .\config\zookeeper.properties (org.apache.zookeeper.server.quorum.QuorumPeerConfig)
[2022-09-01 11:53:29,072] INFO clientPortAddress is 0.0.0.0:2181 (org.apache.zookeeper.server.quorum.QuorumPeerConfig)
[2022-09-01 11:53:29,072] INFO secureClientPort is not set (org.apache.zookeeper.server.quorum.QuorumPeerConfig)
[2022-09-01 11:53:29,072] INFO observerMasterPort is not set (org.apache.zookeeper.server.quorum.QuorumPeerConfig)
[2022-09-01 11:53:29,072] INFO metricsProvider.className is org.apache.zookeeper.metrics.impl.DefaultMetricsProvider (org.apache.zookeeper.server.quorum.QuorumPeerConfig)
[2022-09-01 11:53:29,072] INFO Starting server (org.apache.zookeeper.server.ZooKeeperServerMain)
[2022-09-01 11:53:29,089] INFO ServerMetrics initialized with provider org.apache.zookeeper.metrics.impl.DefaultMetricsProvider@22f71333 (org.apache.zookeeper.server.ServerMetrics)
[2022-09-01 11:53:29,089] INFO zookeeper.snapshot.trust.empty : false (org.apache.zookeeper.server.persistence.FileTxnSnapLog)
[2022-09-01 11:53:29,120] INFO  (org.apache.zookeeper.server.ZooKeeperServer)
[2022-09-01 11:53:29,120] INFO   ______                  _                                           (org.apache.zookeeper.server.ZooKeeperServer)
[2022-09-01 11:53:29,120] INFO  |___  /                 | |                                          (org.apache.zookeeper.server.ZooKeeperServer)
[2022-09-01 11:53:29,120] INFO     / /    ___     ___   | | __   ___    ___   _ __     ___   _ __    (org.apache.zookeeper.server.ZooKeeperServer)
[2022-09-01 11:53:29,120] INFO    / /    / _ \   / _ \  | |/ /  / _ \  / _ \ | '_ \   / _ \ | '__| (org.apache.zookeeper.server.ZooKeeperServer)
[2022-09-01 11:53:29,120] INFO   / /__  | (_) | | (_) | |   <  |  __/ |  __/ | |_) | |  __/ | |     (org.apache.zookeeper.server.ZooKeeperServer)
[2022-09-01 11:53:29,130] INFO  /_____|  \___/   \___/  |_|\_\  \___|  \___| | .__/   \___| |_| (org.apache.zookeeper.server.ZooKeeperServer)
[2022-09-01 11:53:29,130] INFO                                               | |                      (org.apache.zookeeper.server.ZooKeeperServer)
[2022-09-01 11:53:29,130] INFO                                               |_|                      (org.apache.zookeeper.server.ZooKeeperServer)
[2022-09-01 11:53:29,130] INFO  (org.apache.zookeeper.server.ZooKeeperServer)
[2022-09-01 11:53:29,130] INFO Server environment:zookeeper.version=3.6.3--6401e4ad2087061bc6b9f80dec2d69f2e3c8660a, built on 04/08/2021 16:35 GMT (org.apache.zookeeper.server.ZooKeeperServer)
[2022-09-01 11:53:29,130] INFO Server environment:host.name=SG01NB-9600237.snshub.org (org.apache.zookeeper.server.ZooKeeperServer)
[2022-09-01 11:53:29,130] INFO Server environment:java.version=1.8.0-262 (org.apache.zookeeper.server.ZooKeeperServer)
[2022-09-01 11:53:29,130] INFO Server environment:java.vendor=OpenLogic-OpenJDK (org.apache.zookeeper.server.ZooKeeperServer)
[2022-09-01 11:53:29,130] INFO Server environment:java.home=C:\DevTools\openlogic-openjdk-8u262-b10-win-64\jre (org.apache.zookeeper.server.ZooKeeperServer)
[2022-09-01 11:53:29,130] INFO Server environment:java.class.path=C:\kafka\libs\activation-1.1.1.jar;C:\kafka\libs\aopalliance-repackaged-2.6.1.jar;C:\kafka\libs\argparse4j-0.7.0.jar;C:\kafka\libs\audience-annotations-0.5.0.jar;C:\kafka\libs\commons-cli-1.4.jar;C:\kafka\libs\commons-lang3-3.8.1.jar;C:\kafka\libs\connect-api-3.2.1.jar;C:\kafka\libs\connect-basic-auth-extension-3.2.1.jar;C:\kafka\libs\connect-file-3.2.1.jar;C:\kafka\libs\connect-json-3.2.1.jar;C:\kafka\libs\connect-mirror-3.2.1.jar;C:\kafka\libs\connect-mirror-client-3.2.1.jar;C:\kafka\libs\connect-runtime-3.2.1.jar;C:\kafka\libs\connect-transforms-3.2.1.jar;C:\kafka\libs\hk2-api-2.6.1.jar;C:\kafka\libs\hk2-locator-2.6.1.jar;C:\kafka\libs\hk2-utils-2.6.1.jar;C:\kafka\libs\jackson-annotations-2.12.6.jar;C:\kafka\libs\jackson-core-2.12.6.jar;C:\kafka\libs\jackson-databind-2.12.6.1.jar;C:\kafka\libs\jackson-dataformat-csv-2.12.6.jar;C:\kafka\libs\jackson-datatype-jdk8-2.12.6.jar;C:\kafka\libs\jackson-jaxrs-base-2.12.6.jar;C:\kafka\libs\jackson-jaxrs-json-provider-2.12.6.jar;C:\kafka\libs\jackson-module-jaxb-annotations-2.12.6.jar;C:\kafka\libs\jackson-module-scala_2.13-2.12.6.jar;C:\kafka\libs\jakarta.activation-api-1.2.1.jar;C:\kafka\libs\jakarta.annotation-api-1.3.5.jar;C:\kafka\libs\jakarta.inject-2.6.1.jar;C:\kafka\libs\jakarta.validation-api-2.0.2.jar;C:\kafka\libs\jakarta.ws.rs-api-2.1.6.jar;C:\kafka\libs\jakarta.xml.bind-api-2.3.2.jar;C:\kafka\libs\javassist-3.27.0-GA.jar;C:\kafka\libs\javax.servlet-api-3.1.0.jar;C:\kafka\libs\javax.ws.rs-api-2.1.1.jar;C:\kafka\libs\jaxb-api-2.3.0.jar;C:\kafka\libs\jersey-client-2.34.jar;C:\kafka\libs\jersey-common-2.34.jar;C:\kafka\libs\jersey-container-servlet-2.34.jar;C:\kafka\libs\jersey-container-servlet-core-2.34.jar;C:\kafka\libs\jersey-hk2-2.34.jar;C:\kafka\libs\jersey-server-2.34.jar;C:\kafka\libs\jetty-client-9.4.44.v20210927.jar;C:\kafka\libs\jetty-continuation-9.4.44.v20210927.jar;C:\kafka\libs\jetty-http-9.4.44.v20210927.jar;C:\kafka\libs\jetty-io-9.4.44.v20210927.jar;C:\kafka\libs\jetty-security-9.4.44.v20210927.jar;C:\kafka\libs\jetty-server-9.4.44.v20210927.jar;C:\kafka\libs\jetty-servlet-9.4.44.v20210927.jar;C:\kafka\libs\jetty-servlets-9.4.44.v20210927.jar;C:\kafka\libs\jetty-util-9.4.44.v20210927.jar;C:\kafka\libs\jetty-util-ajax-9.4.44.v20210927.jar;C:\kafka\libs\jline-3.21.0.jar;C:\kafka\libs\jopt-simple-5.0.4.jar;C:\kafka\libs\jose4j-0.7.9.jar;C:\kafka\libs\kafka-clients-3.2.1.jar;C:\kafka\libs\kafka-log4j-appender-3.2.1.jar;C:\kafka\libs\kafka-metadata-3.2.1.jar;C:\kafka\libs\kafka-raft-3.2.1.jar;C:\kafka\libs\kafka-server-common-3.2.1.jar;C:\kafka\libs\kafka-shell-3.2.1.jar;C:\kafka\libs\kafka-storage-3.2.1.jar;C:\kafka\libs\kafka-storage-api-3.2.1.jar;C:\kafka\libs\kafka-streams-3.2.1.jar;C:\kafka\libs\kafka-streams-examples-3.2.1.jar;C:\kafka\libs\kafka-streams-scala_2.13-3.2.1.jar;C:\kafka\libs\kafka-streams-test-utils-3.2.1.jar;C:\kafka\libs\kafka-tools-3.2.1.jar;C:\kafka\libs\kafka_2.13-3.2.1.jar;C:\kafka\libs\lz4-java-1.8.0.jar;C:\kafka\libs\maven-artifact-3.8.4.jar;C:\kafka\libs\metrics-core-2.2.0.jar;C:\kafka\libs\metrics-core-4.1.12.1.jar;C:\kafka\libs\netty-buffer-4.1.73.Final.jar;C:\kafka\libs\netty-codec-4.1.73.Final.jar;C:\kafka\libs\netty-common-4.1.73.Final.jar;C:\kafka\libs\netty-handler-4.1.73.Final.jar;C:\kafka\libs\netty-resolver-4.1.73.Final.jar;C:\kafka\libs\netty-tcnative-classes-2.0.46.Final.jar;C:\kafka\libs\netty-transport-4.1.73.Final.jar;C:\kafka\libs\netty-transport-classes-epoll-4.1.73.Final.jar;C:\kafka\libs\netty-transport-native-epoll-4.1.73.Final.jar;C:\kafka\libs\netty-transport-native-unix-common-4.1.73.Final.jar;C:\kafka\libs\osgi-resource-locator-1.0.3.jar;C:\kafka\libs\paranamer-2.8.jar;C:\kafka\libs\plexus-utils-3.3.0.jar;C:\kafka\libs\reflections-0.9.12.jar;C:\kafka\libs\reload4j-1.2.19.jar;C:\kafka\libs\rocksdbjni-6.29.4.1.jar;C:\kafka\libs\scala-collection-compat_2.13-2.6.0.jar;C:\kafka\libs\scala-java8-compat_2.13-1.0.2.jar;C:\kafka\libs\scala-library-2.13.8.jar;C:\kafka\libs\scala-logging_2.13-3.9.4.jar;C:\kafka\libs\scala-reflect-2.13.8.jar;C:\kafka\libs\slf4j-api-1.7.36.jar;C:\kafka\libs\slf4j-reload4j-1.7.36.jar;C:\kafka\libs\snappy-java-1.1.8.4.jar;C:\kafka\libs\trogdor-3.2.1.jar;C:\kafka\libs\zookeeper-3.6.3.jar;C:\kafka\libs\zookeeper-jute-3.6.3.jar;C:\kafka\libs\zstd-jni-1.5.2-1.jar (org.apache.zookeeper.server.ZooKeeperServer)
[2022-09-01 11:53:29,130] INFO Server environment:java.library.path=C:\DevTools\openlogic-openjdk-8u262-b10-win-64\bin;C:\WINDOWS\Sun\Java\bin;C:\WINDOWS\system32;C:\WINDOWS;C:\ProgramData\Oracle\Java\javapath;C:\Program Files (x86)\Common Files\Oracle\Java\javapath;C:\WINDOWS\system32;C:\WINDOWS;C:\WINDOWS\System32\Wbem;C:\WINDOWS\System32\WindowsPowerShell\v1.0\;C:\WINDOWS\System32\OpenSSH\;C:\Users\darrenxy\AppData\Local\Microsoft\WindowsApps;C:\Users\darrenxy\AppData\Local\Programs\Microsoft VS Code\bin;C:\Users\darrenxy\AppData\Local\Programs\Git\cmd;C:\DevTools\node-v16.14.0-win-x64;C:\DevTools\Atom x64;C:\DevTools\npp.8.2.1.portable.x64;C:\Users\darrenxy\Vim\vim90;C:\Users\darrenxy\Workspace\Tools\oc;. (org.apache.zookeeper.server.ZooKeeperServer)
[2022-09-01 11:53:29,130] INFO Server environment:java.io.tmpdir=C:\Users\darrenxy\AppData\Local\Temp\ (org.apache.zookeeper.server.ZooKeeperServer)
[2022-09-01 11:53:29,130] INFO Server environment:java.compiler=<NA> (org.apache.zookeeper.server.ZooKeeperServer)
[2022-09-01 11:53:29,130] INFO Server environment:os.name=Windows 10 (org.apache.zookeeper.server.ZooKeeperServer)
[2022-09-01 11:53:29,130] INFO Server environment:os.arch=amd64 (org.apache.zookeeper.server.ZooKeeperServer)
[2022-09-01 11:53:29,130] INFO Server environment:os.version=10.0 (org.apache.zookeeper.server.ZooKeeperServer)
[2022-09-01 11:53:29,130] INFO Server environment:user.name=darrenxy (org.apache.zookeeper.server.ZooKeeperServer)
[2022-09-01 11:53:29,130] INFO Server environment:user.home=C:\Users\darrenxy (org.apache.zookeeper.server.ZooKeeperServer)
[2022-09-01 11:53:29,130] INFO Server environment:user.dir=C:\kafka (org.apache.zookeeper.server.ZooKeeperServer)
[2022-09-01 11:53:29,136] INFO Server environment:os.memory.free=493MB (org.apache.zookeeper.server.ZooKeeperServer)
[2022-09-01 11:53:29,136] INFO Server environment:os.memory.max=512MB (org.apache.zookeeper.server.ZooKeeperServer)
[2022-09-01 11:53:29,137] INFO Server environment:os.memory.total=512MB (org.apache.zookeeper.server.ZooKeeperServer)
[2022-09-01 11:53:29,137] INFO zookeeper.enableEagerACLCheck = false (org.apache.zookeeper.server.ZooKeeperServer)
[2022-09-01 11:53:29,137] INFO zookeeper.digest.enabled = true (org.apache.zookeeper.server.ZooKeeperServer)
[2022-09-01 11:53:29,137] INFO zookeeper.closeSessionTxn.enabled = true (org.apache.zookeeper.server.ZooKeeperServer)
[2022-09-01 11:53:29,137] INFO zookeeper.flushDelay=0 (org.apache.zookeeper.server.ZooKeeperServer)
[2022-09-01 11:53:29,137] INFO zookeeper.maxWriteQueuePollTime=0 (org.apache.zookeeper.server.ZooKeeperServer)
[2022-09-01 11:53:29,138] INFO zookeeper.maxBatchSize=1000 (org.apache.zookeeper.server.ZooKeeperServer)
[2022-09-01 11:53:29,138] INFO zookeeper.intBufferStartingSizeBytes = 1024 (org.apache.zookeeper.server.ZooKeeperServer)
[2022-09-01 11:53:29,138] INFO Weighed connection throttling is disabled (org.apache.zookeeper.server.BlueThrottle)
[2022-09-01 11:53:29,138] INFO minSessionTimeout set to 6000 (org.apache.zookeeper.server.ZooKeeperServer)
[2022-09-01 11:53:29,138] INFO maxSessionTimeout set to 60000 (org.apache.zookeeper.server.ZooKeeperServer)
[2022-09-01 11:53:29,138] INFO Response cache size is initialized with value 400. (org.apache.zookeeper.server.ResponseCache)
[2022-09-01 11:53:29,147] INFO Response cache size is initialized with value 400. (org.apache.zookeeper.server.ResponseCache)
[2022-09-01 11:53:29,147] INFO zookeeper.pathStats.slotCapacity = 60 (org.apache.zookeeper.server.util.RequestPathMetricsCollector)
[2022-09-01 11:53:29,147] INFO zookeeper.pathStats.slotDuration = 15 (org.apache.zookeeper.server.util.RequestPathMetricsCollector)
[2022-09-01 11:53:29,147] INFO zookeeper.pathStats.maxDepth = 6 (org.apache.zookeeper.server.util.RequestPathMetricsCollector)
[2022-09-01 11:53:29,148] INFO zookeeper.pathStats.initialDelay = 5 (org.apache.zookeeper.server.util.RequestPathMetricsCollector)
[2022-09-01 11:53:29,148] INFO zookeeper.pathStats.delay = 5 (org.apache.zookeeper.server.util.RequestPathMetricsCollector)
[2022-09-01 11:53:29,149] INFO zookeeper.pathStats.enabled = false (org.apache.zookeeper.server.util.RequestPathMetricsCollector)
[2022-09-01 11:53:29,149] INFO The max bytes for all large requests are set to 104857600 (org.apache.zookeeper.server.ZooKeeperServer)
[2022-09-01 11:53:29,149] INFO The large request threshold is set to -1 (org.apache.zookeeper.server.ZooKeeperServer)
[2022-09-01 11:53:29,149] INFO Created server with tickTime 3000 minSessionTimeout 6000 maxSessionTimeout 60000 clientPortListenBacklog -1 datadir C:\tmp\zookeeper\version-2 snapdir C:\tmp\zookeeper\version-2 (org.apache.zookeeper.server.ZooKeeperServer)
[2022-09-01 11:53:29,149] INFO Using org.apache.zookeeper.server.NIOServerCnxnFactory as server connection factory (org.apache.zookeeper.server.ServerCnxnFactory)
[2022-09-01 11:53:29,149] WARN maxCnxns is not configured, using default value 0. (org.apache.zookeeper.server.ServerCnxnFactory)
[2022-09-01 11:53:29,165] INFO Configuring NIO connection handler with 10s sessionless connection timeout, 2 selector thread(s), 16 worker threads, and 64 kB direct buffers. (org.apache.zookeeper.server.NIOServerCnxnFactory)
[2022-09-01 11:53:29,165] INFO binding to port 0.0.0.0/0.0.0.0:2181 (org.apache.zookeeper.server.NIOServerCnxnFactory)
[2022-09-01 11:53:29,184] INFO Using org.apache.zookeeper.server.watch.WatchManager as watch manager (org.apache.zookeeper.server.watch.WatchManagerFactory)
[2022-09-01 11:53:29,184] INFO Using org.apache.zookeeper.server.watch.WatchManager as watch manager (org.apache.zookeeper.server.watch.WatchManagerFactory)
[2022-09-01 11:53:29,185] INFO zookeeper.snapshotSizeFactor = 0.33 (org.apache.zookeeper.server.ZKDatabase)
[2022-09-01 11:53:29,185] INFO zookeeper.commitLogCount=500 (org.apache.zookeeper.server.ZKDatabase)
[2022-09-01 11:53:29,189] INFO zookeeper.snapshot.compression.method = CHECKED (org.apache.zookeeper.server.persistence.SnapStream)
[2022-09-01 11:53:29,191] INFO Reading snapshot C:\tmp\zookeeper\version-2\snapshot.1df (org.apache.zookeeper.server.persistence.FileSnap)
[2022-09-01 11:53:29,210] INFO The digest value is empty in snapshot (org.apache.zookeeper.server.DataTree)
[2022-09-01 11:53:29,227] INFO Snapshot loaded in 42 ms, highest zxid is 0x1df, digest is 308709779299 (org.apache.zookeeper.server.ZKDatabase)
[2022-09-01 11:53:29,227] INFO Snapshotting: 0x1df to C:\tmp\zookeeper\version-2\snapshot.1df (org.apache.zookeeper.server.persistence.FileTxnSnapLog)
[2022-09-01 11:53:29,234] INFO Snapshot taken in 8 ms (org.apache.zookeeper.server.ZooKeeperServer)
[2022-09-01 11:53:29,249] INFO PrepRequestProcessor (sid:0) started, reconfigEnabled=false (org.apache.zookeeper.server.PrepRequestProcessor)
[2022-09-01 11:53:29,249] INFO zookeeper.request_throttler.shutdownTimeout = 10000 (org.apache.zookeeper.server.RequestThrottler)
[2022-09-01 11:53:29,266] INFO Using checkIntervalMs=60000 maxPerMinute=10000 maxNeverUsedIntervalMs=0 (org.apache.zookeeper.server.ContainerManager)
[2022-09-01 11:53:29,267] INFO ZooKeeper audit is disabled. (org.apache.zookeeper.audit.ZKAuditProvider)
